{"name":"Log","hostname":"MacBook-Air-de-Ivan.local","pid":45800,"level":30,"msg":"Creating table: posts","time":"2019-09-17T18:28:47.120Z","v":0}
{"name":"Log","hostname":"MacBook-Air-de-Ivan.local","pid":45800,"level":30,"msg":"Creating table: users","time":"2019-09-17T18:28:47.129Z","v":0}
{"name":"Log","hostname":"MacBook-Air-de-Ivan.local","pid":45800,"level":30,"msg":"Creating table: posts_authors","time":"2019-09-17T18:28:47.140Z","v":0}
{"name":"Log","hostname":"MacBook-Air-de-Ivan.local","pid":45800,"level":30,"msg":"Creating table: roles","time":"2019-09-17T18:28:47.145Z","v":0}
{"name":"Log","hostname":"MacBook-Air-de-Ivan.local","pid":45800,"level":30,"msg":"Creating table: roles_users","time":"2019-09-17T18:28:47.151Z","v":0}
{"name":"Log","hostname":"MacBook-Air-de-Ivan.local","pid":45800,"level":30,"msg":"Creating table: permissions","time":"2019-09-17T18:28:47.157Z","v":0}
{"name":"Log","hostname":"MacBook-Air-de-Ivan.local","pid":45800,"level":30,"msg":"Creating table: permissions_users","time":"2019-09-17T18:28:47.164Z","v":0}
{"name":"Log","hostname":"MacBook-Air-de-Ivan.local","pid":45800,"level":30,"msg":"Creating table: permissions_roles","time":"2019-09-17T18:28:47.169Z","v":0}
{"name":"Log","hostname":"MacBook-Air-de-Ivan.local","pid":45800,"level":30,"msg":"Creating table: permissions_apps","time":"2019-09-17T18:28:47.173Z","v":0}
{"name":"Log","hostname":"MacBook-Air-de-Ivan.local","pid":45800,"level":30,"msg":"Creating table: settings","time":"2019-09-17T18:28:47.177Z","v":0}
{"name":"Log","hostname":"MacBook-Air-de-Ivan.local","pid":45800,"level":30,"msg":"Creating table: tags","time":"2019-09-17T18:28:47.185Z","v":0}
{"name":"Log","hostname":"MacBook-Air-de-Ivan.local","pid":45800,"level":30,"msg":"Creating table: posts_tags","time":"2019-09-17T18:28:47.193Z","v":0}
{"name":"Log","hostname":"MacBook-Air-de-Ivan.local","pid":45800,"level":30,"msg":"Creating table: apps","time":"2019-09-17T18:28:47.198Z","v":0}
{"name":"Log","hostname":"MacBook-Air-de-Ivan.local","pid":45800,"level":30,"msg":"Creating table: app_settings","time":"2019-09-17T18:28:47.207Z","v":0}
{"name":"Log","hostname":"MacBook-Air-de-Ivan.local","pid":45800,"level":30,"msg":"Creating table: app_fields","time":"2019-09-17T18:28:47.215Z","v":0}
{"name":"Log","hostname":"MacBook-Air-de-Ivan.local","pid":45800,"level":30,"msg":"Creating table: clients","time":"2019-09-17T18:28:47.220Z","v":0}
{"name":"Log","hostname":"MacBook-Air-de-Ivan.local","pid":45800,"level":30,"msg":"Creating table: client_trusted_domains","time":"2019-09-17T18:28:47.229Z","v":0}
{"name":"Log","hostname":"MacBook-Air-de-Ivan.local","pid":45800,"level":30,"msg":"Creating table: accesstokens","time":"2019-09-17T18:28:47.234Z","v":0}
{"name":"Log","hostname":"MacBook-Air-de-Ivan.local","pid":45800,"level":30,"msg":"Creating table: refreshtokens","time":"2019-09-17T18:28:47.241Z","v":0}
{"name":"Log","hostname":"MacBook-Air-de-Ivan.local","pid":45800,"level":30,"msg":"Creating table: subscribers","time":"2019-09-17T18:28:47.248Z","v":0}
{"name":"Log","hostname":"MacBook-Air-de-Ivan.local","pid":45800,"level":30,"msg":"Creating table: invites","time":"2019-09-17T18:28:47.256Z","v":0}
{"name":"Log","hostname":"MacBook-Air-de-Ivan.local","pid":45800,"level":30,"msg":"Creating table: brute","time":"2019-09-17T18:28:47.266Z","v":0}
{"name":"Log","hostname":"MacBook-Air-de-Ivan.local","pid":45800,"level":30,"msg":"Creating table: webhooks","time":"2019-09-17T18:28:47.271Z","v":0}
{"name":"Log","hostname":"MacBook-Air-de-Ivan.local","pid":45800,"level":30,"msg":"Creating table: sessions","time":"2019-09-17T18:28:47.275Z","v":0}
{"name":"Log","hostname":"MacBook-Air-de-Ivan.local","pid":45800,"level":30,"msg":"Creating table: integrations","time":"2019-09-17T18:28:47.284Z","v":0}
{"name":"Log","hostname":"MacBook-Air-de-Ivan.local","pid":45800,"level":30,"msg":"Creating table: api_keys","time":"2019-09-17T18:28:47.292Z","v":0}
{"name":"Log","hostname":"MacBook-Air-de-Ivan.local","pid":45800,"level":30,"msg":"Creating table: mobiledoc_revisions","time":"2019-09-17T18:28:47.299Z","v":0}
{"name":"Log","hostname":"MacBook-Air-de-Ivan.local","pid":45800,"level":30,"msg":"Creating table: members","time":"2019-09-17T18:28:47.306Z","v":0}
{"name":"Log","hostname":"MacBook-Air-de-Ivan.local","pid":45800,"level":30,"msg":"Creating table: actions","time":"2019-09-17T18:28:47.314Z","v":0}
{"name":"Log","hostname":"MacBook-Air-de-Ivan.local","pid":45800,"level":30,"msg":"Model: Tag","time":"2019-09-17T18:28:47.323Z","v":0}
{"name":"Log","hostname":"MacBook-Air-de-Ivan.local","pid":45800,"level":30,"msg":"Model: Client","time":"2019-09-17T18:28:47.361Z","v":0}
{"name":"Log","hostname":"MacBook-Air-de-Ivan.local","pid":45800,"level":30,"msg":"Model: Role","time":"2019-09-17T18:28:47.376Z","v":0}
{"name":"Log","hostname":"MacBook-Air-de-Ivan.local","pid":45800,"level":30,"msg":"Model: Permission","time":"2019-09-17T18:28:47.405Z","v":0}
{"name":"Log","hostname":"MacBook-Air-de-Ivan.local","pid":45800,"level":30,"msg":"Model: User","time":"2019-09-17T18:28:47.621Z","v":0}
{"name":"Log","hostname":"MacBook-Air-de-Ivan.local","pid":45800,"level":30,"msg":"Model: Post","time":"2019-09-17T18:28:48.664Z","v":0}
{"name":"Log","hostname":"MacBook-Air-de-Ivan.local","pid":45800,"level":30,"msg":"Model: Integration","time":"2019-09-17T18:28:49.063Z","v":0}
{"name":"Log","hostname":"MacBook-Air-de-Ivan.local","pid":45800,"level":30,"msg":"Relation: Role to Permission","time":"2019-09-17T18:28:49.094Z","v":0}
{"name":"Log","hostname":"MacBook-Air-de-Ivan.local","pid":45800,"level":30,"msg":"Relation: Post to Tag","time":"2019-09-17T18:28:49.347Z","v":0}
{"name":"Log","hostname":"MacBook-Air-de-Ivan.local","pid":45800,"level":30,"msg":"Relation: User to Role","time":"2019-09-17T18:28:49.377Z","v":0}
{"name":"Log","hostname":"MacBook-Air-de-Ivan.local","pid":45800,"level":30,"msg":"Ghost is running in development...","time":"2019-09-17T18:28:54.239Z","v":0}
{"name":"Log","hostname":"MacBook-Air-de-Ivan.local","pid":45800,"level":30,"msg":"Listening on: 127.0.0.1:2369","time":"2019-09-17T18:28:54.240Z","v":0}
{"name":"Log","hostname":"MacBook-Air-de-Ivan.local","pid":45800,"level":30,"msg":"Url configured as: http://localhost:2369/","time":"2019-09-17T18:28:54.241Z","v":0}
{"name":"Log","hostname":"MacBook-Air-de-Ivan.local","pid":45800,"level":30,"msg":"Ctrl+C to shut down","time":"2019-09-17T18:28:54.242Z","v":0}
{"name":"Log","hostname":"MacBook-Air-de-Ivan.local","pid":45800,"level":30,"msg":"Ghost boot 9.91s","time":"2019-09-17T18:28:54.244Z","v":0}
